TN:
SF:config.js
FN:2,createConfig
FNF:1
FNH:1
FNDA:1,createConfig
DA:1,1
DA:2,1
DA:3,1
DA:4,1
DA:5,1
DA:6,1
DA:7,1
DA:8,1
DA:9,1
DA:10,1
DA:11,1
DA:12,1
DA:13,1
DA:14,1
DA:15,1
LF:15
LH:15
BRDA:2,0,0,1
BRF:1
BRH:1
end_of_record
TN:
SF:src\conexao\FabricaConexao.js
FN:6,obterConexao
FNF:1
FNH:1
FNDA:1,obterConexao
DA:1,1
DA:2,1
DA:3,1
DA:4,1
DA:5,1
DA:6,1
DA:7,1
DA:8,1
DA:9,1
DA:10,1
DA:11,1
DA:12,1
DA:13,1
DA:14,1
DA:15,1
DA:16,1
DA:17,1
DA:18,1
DA:19,1
DA:20,1
DA:21,1
DA:22,1
DA:23,1
DA:24,1
DA:25,1
LF:25
LH:25
BRDA:6,0,0,1
BRDA:16,1,0,0
BRDA:17,2,0,0
BRF:3
BRH:1
end_of_record
